<?xml version="1.0" encoding="UTF-8"?>
<!-- Generated by org.testng.reporters.JUnitReportReporter -->
<testsuite hostname="Administrator" name="samplestest.TestLoginSiteWithParameters" tests="3" failures="0" timestamp="6 May 2017 13:21:08 GMT" time="373.513" errors="0">
  <testcase name="test1" time="185.175" classname="samplestest.TestLoginSiteWithParameters"/>
  <testcase name="test1" time="19.831" classname="samplestest.TestLoginSiteWithParameters"/>
  <testcase name="test1" time="168.507" classname="samplestest.TestLoginSiteWithParameters"/>
</testsuite> <!-- samplestest.TestLoginSiteWithParameters -->
