<?xml version="1.0" encoding="UTF-8"?>
<!-- Generated by org.testng.reporters.JUnitReportReporter -->
<testsuite hostname="Administrator" name="samplestest.TestLoginSiteWithParameters" tests="3" failures="0" timestamp="7 May 2017 06:29:38 GMT" time="368.019" errors="0">
  <testcase name="test1" time="17.878" classname="samplestest.TestLoginSiteWithParameters"/>
  <testcase name="test1" time="171.411" classname="samplestest.TestLoginSiteWithParameters"/>
  <testcase name="test1" time="178.730" classname="samplestest.TestLoginSiteWithParameters"/>
</testsuite> <!-- samplestest.TestLoginSiteWithParameters -->
