<?xml version="1.0" encoding="UTF-8"?>
<!-- Generated by org.testng.reporters.JUnitReportReporter -->
<testsuite hostname="Administrator" name="samplestest.TestLoginSiteWithParameters" tests="3" failures="0" timestamp="6 May 2017 17:56:05 GMT" time="369.878" errors="0">
  <testcase name="test1" time="167.425" classname="samplestest.TestLoginSiteWithParameters"/>
  <testcase name="test1" time="182.922" classname="samplestest.TestLoginSiteWithParameters"/>
  <testcase name="test1" time="19.531" classname="samplestest.TestLoginSiteWithParameters"/>
</testsuite> <!-- samplestest.TestLoginSiteWithParameters -->
